2020-12-29 23:32:03,218:MainProcess:root:INFO:2020-12-29-Durham-NC successfully uploaded
2020-12-29 23:32:15,327:MainProcess:root:INFO:2020-12-29-Durham-NC successfully uploaded
2020-12-29 23:32:15,327:MainProcess:root:INFO:2020-12-29-Durham-NC successfully uploaded
2021-01-01 13:57:11,884:MainProcess:root:INFO:2021-01-01-Minneapolis-MN successfully uploaded
2021-01-01 13:57:13,586:MainProcess:root:INFO:2021-01-01-New Hope-MN successfully uploaded
2021-01-01 13:57:19,330:MainProcess:root:INFO:2021-01-01-Maple Grove-MN successfully uploaded
2021-01-01 13:57:21,682:MainProcess:root:INFO:2021-01-01-Plymouth-MN successfully uploaded
2021-01-06 07:20:32,411:MainProcess:root:INFO:NC-Chapel Hill successfully uploaded
2021-01-06 07:20:39,269:MainProcess:root:INFO:NC-Burlington successfully uploaded
2021-01-06 07:20:48,444:MainProcess:root:INFO:NC-Winston-Salem successfully uploaded
2021-01-06 07:21:01,570:MainProcess:root:INFO:NC-Highpoint successfully uploaded
2021-01-14 15:09:00,149:MainProcess:root:INFO:re-raw-data created
2021-01-14 15:09:00,477:MainProcess:root:INFO:re-formatted-data created
2021-01-15 11:16:35,118:MainProcess:root:INFO:NC-Wilmington successfully uploaded
2021-01-15 11:17:04,534:MainProcess:root:INFO:NC-Asheville successfully uploaded
2021-01-15 11:17:18,033:MainProcess:root:INFO:NC-Concord successfully uploaded
2021-01-15 11:17:24,009:MainProcess:root:INFO:NC-Gastonia successfully uploaded
2021-01-15 11:17:43,967:MainProcess:root:INFO:NC-Jacksonville successfully uploaded
2021-01-15 11:17:58,250:MainProcess:root:INFO:NC-Apex successfully uploaded
2021-01-15 11:18:06,016:MainProcess:root:INFO:NC-Huntersville successfully uploaded
2021-01-15 11:18:23,712:MainProcess:root:INFO:NC-Rocky Mount successfully uploaded
2021-01-15 11:18:32,715:MainProcess:root:INFO:NC-Kannapolis successfully uploaded
2021-01-15 11:21:33,716:MainProcess:root:INFO:re-raw-data created
2021-01-15 11:21:33,978:MainProcess:root:INFO:re-formatted-data created
2021-01-15 11:30:31,029:MainProcess:root:INFO:re-raw-data created
2021-01-15 11:30:31,338:MainProcess:root:INFO:re-formatted-data created
2021-01-15 11:31:20,815:MainProcess:root:INFO:re-raw-data created
2021-01-15 11:31:21,068:MainProcess:root:INFO:re-formatted-data created
2021-01-15 11:32:48,821:MainProcess:root:INFO:re-raw-data created
2021-01-15 11:32:49,093:MainProcess:root:INFO:re-formatted-data created
2021-01-15 11:33:17,416:MainProcess:root:INFO:re-raw-data created
2021-01-15 11:33:17,685:MainProcess:root:INFO:re-formatted-data created
2021-01-15 13:04:41,293:MainProcess:root:INFO:re-raw-data created
2021-01-15 13:04:41,581:MainProcess:root:INFO:re-formatted-data created
